<?xml version="1.0" encoding="UTF-8"?>
<!-- Generated by org.testng.reporters.JUnitReportReporter -->
<testsuite hostname="VAIO" failures="0" tests="4" name="com.automation.testscripts.DataDriven.TC_01_CreateEmployee" time="56.247" errors="0" timestamp="2019-11-14T13:04:00 IST" skipped="0">
  <testcase classname="com.automation.testscripts.DataDriven.TC_01_CreateEmployee" name="createEmployee" time="12.789"/>
  <testcase classname="com.automation.testscripts.DataDriven.TC_01_CreateEmployee" name="createEmployee" time="18.568"/>
  <testcase classname="com.automation.testscripts.DataDriven.TC_01_CreateEmployee" name="createEmployee" time="12.722"/>
  <testcase classname="com.automation.testscripts.DataDriven.TC_01_CreateEmployee" name="createEmployee" time="12.168"/>
</testsuite> <!-- com.automation.testscripts.DataDriven.TC_01_CreateEmployee -->
