<?xml version="1.0" encoding="UTF-8"?>
<!-- Generated by org.testng.reporters.JUnitReportReporter -->
<testsuite hostname="VAIO" failures="0" tests="1" name="com.automation.helper.ExcelDataHelper" time="0.000" errors="0" timestamp="2019-11-14T12:20:07 IST" skipped="1">
  <testcase classname="com.automation.helper.ExcelDataHelper" name="createEmployee" time="0.000">
    <skipped/>
  </testcase> <!-- createEmployee -->
</testsuite> <!-- com.automation.helper.ExcelDataHelper -->
